makeChunks failed with input [], 0: range() arg 3 must not be zero
makeChunks failed with input [], 0: range() arg 3 must not be zero
makeChunks failed with input [], 0: range() arg 3 must not be zero
makeChunks failed with input [77, 77, 67, 95, 22, 57, 80, 51, 40, 32, 61, 43, 96, 26, 55, 33, 45, 8, 26, 85, 93, 36, 41, 48, 75, 56, 76, 5], 0: range() arg 3 must not be zero
makeChunks failed with input [], 0: range() arg 3 must not be zero
makeChunks failed with input [], 0: range() arg 3 must not be zero
makeChunks failed with input [44, 22, 44, 30, 9, 58, 52, 1, 19, 63, 31, 4], 0: range() arg 3 must not be zero
makeChunks failed with input [32, 27, 35, 22, 48, 26, 29, 12, 99, 49, 35, 6, 49, 70, 57, 9, 8, 52, 74, 0, 1, 89, 96, 10, 88, 78, 44, 66, 32, 93, 27, 69, 43, 23, 0, 19, 75, 35, 26, 37, 84, 55, 40, 47, 59, 0, 65, 2, 48, 71, 35, 22, 5, 39, 85, 26, 47, 27, 48, 19, 40, 96, 18, 96, 57, 5, 45, 74, 94, 83, 39, 77, 54, 98, 86, 23, 29, 46, 41, 98, 31, 10, 95, 99, 24, 10, 17, 49, 82, 27, 81, 30, 90], 0: range() arg 3 must not be zero
makeChunks failed with input [], 0: range() arg 3 must not be zero
makeChunks failed with input [], 0: range() arg 3 must not be zero
makeChunks failed with input [79, 72], 0: range() arg 3 must not be zero
makeChunks failed with input [], 0: range() arg 3 must not be zero
makeChunks failed with input [38, 0, 11, 60, 80, 31, 85, 77, 9, 52], 0: range() arg 3 must not be zero
makeChunks failed with input [], 0: range() arg 3 must not be zero
makeChunks failed with input [], 0: range() arg 3 must not be zero
makeChunks failed with input [78, 21, 39, 17, 77, 2, 47, 54, 50, 78, 83, 8, 91, 44, 15, 61, 85, 13, 48, 10, 3, 62, 17, 11, 96, 78, 0, 33, 48, 62, 79, 60, 13, 3, 7, 40, 67, 58, 39, 98, 68, 0, 64, 52, 92, 88, 22], 0: range() arg 3 must not be zero
makeChunks failed with input [], 0: range() arg 3 must not be zero
makeChunks failed with input [], 0: range() arg 3 must not be zero
makeChunks failed with input [], 0: range() arg 3 must not be zero
makeChunks failed with input [], 0: range() arg 3 must not be zero
makeChunks failed with input [35, 50, 8, 2, 52, 0, 82, 30, 32, 21, 25, 46, 50, 87, 80], 0: range() arg 3 must not be zero
makeChunks failed with input [89, 22, 44, 76, 59, 50, 71, 16, 49, 32, 39, 21, 49, 49, 76, 8, 75, 44, 67, 31, 5, 92, 58, 51, 62, 61, 12, 23, 13, 23, 74, 96, 40, 93, 43, 90], 0: range() arg 3 must not be zero
makeChunks failed with input [], 0: range() arg 3 must not be zero
makeChunks failed with input [36, 25, 92, 23, 65, 92, 48, 75, 45, 43, 13, 18, 89, 12, 62, 44, 79, 86, 91, 70, 84, 78, 89, 41, 33, 77, 40, 21, 26, 30, 33, 31, 64, 83, 29, 99, 57, 90, 30, 77, 80, 34, 14, 15, 68, 50, 10, 31, 57, 97, 80, 35, 23, 0, 8, 2, 86, 25, 84], 0: range() arg 3 must not be zero
makeChunks failed with input [], 0: range() arg 3 must not be zero